\BOOKMARK [1][-]{section.1}{Problem Formulation}{}% 1
\BOOKMARK [1][-]{section.2}{State of the Art}{}% 2
\BOOKMARK [1][-]{section.3}{Solution}{}% 3
\BOOKMARK [2][-]{subsection.3.1}{Setup Phase}{section.3}% 4
\BOOKMARK [2][-]{subsection.3.2}{Table detection}{section.3}% 5
\BOOKMARK [3][-]{subsubsection.3.2.1}{Lines detection}{subsection.3.2}% 6
\BOOKMARK [3][-]{subsubsection.3.2.2}{Lines grouping}{subsection.3.2}% 7
\BOOKMARK [2][-]{subsection.3.3}{Camera Calibration}{section.3}% 8
\BOOKMARK [2][-]{subsection.3.4}{Ball Tracking}{section.3}% 9
\BOOKMARK [3][-]{subsubsection.3.4.1}{Object Segmentation}{subsection.3.4}% 10
\BOOKMARK [2][-]{subsection.3.5}{2D Trajectory Estimation}{section.3}% 11
\BOOKMARK [2][-]{subsection.3.6}{Camera Synchronization}{section.3}% 12
\BOOKMARK [2][-]{subsection.3.7}{3D trajectory Estimation}{section.3}% 13
\BOOKMARK [1][-]{section.4}{Algorithm}{}% 14
\BOOKMARK [1][-]{section.5}{Experimental Results}{}% 15
\BOOKMARK [1][-]{section.6}{Conclusions}{}% 16
\BOOKMARK [2][-]{subsection.6.1}{Purpose and Scope}{section.6}% 17
\BOOKMARK [2][-]{subsection.6.2}{Definitions and Abbreviations}{section.6}% 18
\BOOKMARK [2][-]{subsection.6.3}{Reference Documents}{section.6}% 19
\BOOKMARK [1][-]{section.7}{Integration Strategy}{}% 20
\BOOKMARK [2][-]{subsection.7.1}{Entry Criteria}{section.7}% 21
